<?xml version="1.0" encoding="UTF-8"?>
<!-- Generated by org.testng.reporters.JUnitXMLReporter -->
<testsuite ignored="1" hostname="QJ07304646" failures="0" tests="1" name="Test" time="15.205" errors="0" timestamp="14 Jan 2019 17:06:51 GMT">
  <testcase classname="seleniumFirstTest.TestNGOpenBrowserTest" name="testOpenBrowser" time="11.01"/>
  <testcase classname="seleniumFirstTest.TestNGOpenBrowserTest" name="testOpenBrowser2" time="0.0">
    <ignored/>
  </testcase> <!-- testOpenBrowser2 -->
</testsuite> <!-- Test -->
